<?xml version="1.0" encoding="UTF-8"?>
<testng-results skipped="0" failed="0" ignored="0" total="1" passed="1">
  <reporter-output>
  </reporter-output>
  <suite name="sample test suite" duration-ms="15787" started-at="2021-10-13T09:56:59 IST" finished-at="2021-10-13T09:57:15 IST">
    <groups>
    </groups>
    <test name="Login Test" duration-ms="15787" started-at="2021-10-13T09:56:59 IST" finished-at="2021-10-13T09:57:15 IST">
      <class name="com.selenium.examples.AlertDemo">
        <test-method status="PASS" signature="logintest()[pri:0, instance:com.selenium.examples.AlertDemo@1d96d872]" name="logintest" duration-ms="15693" started-at="2021-10-13T09:57:00 IST" finished-at="2021-10-13T09:57:15 IST">
          <reporter-output>
          </reporter-output>
        </test-method> <!-- logintest -->
      </class> <!-- com.selenium.examples.AlertDemo -->
    </test> <!-- Login Test -->
  </suite> <!-- sample test suite -->
</testng-results>
