<?xml version="1.0" encoding="UTF-8"?>
<testng-results ignored="0" total="1" passed="1" failed="0" skipped="0">
  <reporter-output>
  </reporter-output>
  <suite started-at="2021-10-13T09:45:29 IST" name="sample test suite" finished-at="2021-10-13T09:45:55 IST" duration-ms="26060">
    <groups>
    </groups>
    <test started-at="2021-10-13T09:45:29 IST" name="Login Test" finished-at="2021-10-13T09:45:55 IST" duration-ms="26060">
      <class name="com.selenium.examples.AlertDemo">
        <test-method signature="logintest()[pri:0, instance:com.selenium.examples.AlertDemo@932bc4a]" started-at="2021-10-13T09:45:29 IST" name="logintest" finished-at="2021-10-13T09:45:55 IST" duration-ms="25960" status="PASS">
          <reporter-output>
          </reporter-output>
        </test-method> <!-- logintest -->
      </class> <!-- com.selenium.examples.AlertDemo -->
    </test> <!-- Login Test -->
  </suite> <!-- sample test suite -->
</testng-results>
